<?xml version="1.0" encoding="UTF-8"?>
<testng-results skipped="0" failed="0" total="1" passed="1">
  <reporter-output>
  </reporter-output>
  <suite name="Default suite" duration-ms="14688" started-at="2013-01-17T12:29:30Z" finished-at="2013-01-17T12:29:45Z">
    <groups>
    </groups>
    <test name="Default test" duration-ms="14688" started-at="2013-01-17T12:29:30Z" finished-at="2013-01-17T12:29:45Z">
      <class name="sh.calaba.calabashdriver.Pickerjavatest">
        <test-method status="PASS" signature="startCalabashDriverServer()[pri:0, instance:sh.calaba.calabashdriver.Pickerjavatest@2e530cf2]" name="startCalabashDriverServer" is-config="true" duration-ms="2264" started-at="2013-01-17T12:29:30Z" finished-at="2013-01-17T12:29:33Z">
          <reporter-output>
          </reporter-output>
        </test-method> <!-- startCalabashDriverServer -->
        <test-method status="PASS" signature="testPicker()[pri:0, instance:sh.calaba.calabashdriver.Pickerjavatest@2e530cf2]" name="testPicker" duration-ms="11357" started-at="2013-01-17T12:29:33Z" finished-at="2013-01-17T12:29:44Z">
          <reporter-output>
          </reporter-output>
        </test-method> <!-- testPicker -->
        <test-method status="PASS" signature="shutdown()[pri:0, instance:sh.calaba.calabashdriver.Pickerjavatest@2e530cf2]" name="shutdown" is-config="true" duration-ms="1058" started-at="2013-01-17T12:29:44Z" finished-at="2013-01-17T12:29:45Z">
          <reporter-output>
          </reporter-output>
        </test-method> <!-- shutdown -->
      </class> <!-- sh.calaba.calabashdriver.Pickerjavatest -->
    </test> <!-- Default test -->
  </suite> <!-- Default suite -->
</testng-results>
